shipper/app/build/intermediates/manifest_merge_blame_file/debug/manifest-merger-blame-debug-report.txt
1<?xml version="1.0" encoding="utf-8"?>
2<manifest xmlns:android="http://schemas.android.com/apk/res/android"
3    package="com.example.fooddelivery"
4    android:versionCode="1"
5    android:versionName="1.0" >
6
7    <uses-sdk
8        android:minSdkVersion="23"
8-->src\main\AndroidManifest.xml
9        android:targetSdkVersion="28" />
9-->src\main\AndroidManifest.xml
10
11    <uses-permission android:name="android.permission.INTERNET" />
11-->src\main\AndroidManifest.xml:4:5-83
11-->src\main\AndroidManifest.xml:4:22-64
12    <uses-permission android:name="android.permission.ACCESS_COARSE_LOCATION" />
12-->src\main\AndroidManifest.xml:5:5-97
12-->src\main\AndroidManifest.xml:5:22-78
13    <uses-permission android:name="android.permission.ACCESS_FINE_LOCATION" />
13-->src\main\AndroidManifest.xml:6:5-95
13-->src\main\AndroidManifest.xml:6:22-76
14    <uses-permission android:name="android.permission.READ_EXTERNAL_STORAGE" />
14-->src\main\AndroidManifest.xml:36:5-80
14-->src\main\AndroidManifest.xml:36:22-77
15    <uses-permission android:name="android.permission.WRITE_EXTERNAL_STORAGE" />
15-->src\main\AndroidManifest.xml:37:5-81
15-->src\main\AndroidManifest.xml:37:22-78
16
17    <!-- Although the *SdkVersion is captured in gradle build files, this is required for non gradle builds -->
18    <!-- <uses-sdk android:minSdkVersion="14"/> -->
19    <uses-permission android:name="android.permission.ACCESS_NETWORK_STATE" />
19-->[com.google.firebase:firebase-database:19.2.1] AndroidManifest.xml:25:5-79
19-->[com.google.firebase:firebase-database:19.2.1] AndroidManifest.xml:25:22-76
20
21    <uses-feature
21-->[com.google.android.gms:play-services-maps:17.0.0] AndroidManifest.xml:26:5-28:35
22        android:glEsVersion="0x00020000"
22-->[com.google.android.gms:play-services-maps:17.0.0] AndroidManifest.xml:27:9-41
23        android:required="true" />
23-->[com.google.android.gms:play-services-maps:17.0.0] AndroidManifest.xml:28:9-32
24
25    <uses-permission android:name="android.permission.WAKE_LOCK" />
25-->[com.google.android.gms:play-services-measurement:17.3.0] AndroidManifest.xml:25:5-68
25-->[com.google.android.gms:play-services-measurement:17.3.0] AndroidManifest.xml:25:22-65
26    <uses-permission android:name="com.google.android.finsky.permission.BIND_GET_INSTALL_REFERRER_SERVICE" /> <!-- Required by older versions of Google Play services to create IID tokens -->
26-->[com.google.android.gms:play-services-measurement:17.3.0] AndroidManifest.xml:26:5-110
26-->[com.google.android.gms:play-services-measurement:17.3.0] AndroidManifest.xml:26:22-107
27    <uses-permission android:name="com.google.android.c2dm.permission.RECEIVE" />
27-->[com.google.firebase:firebase-iid:20.1.5] AndroidManifest.xml:26:5-82
27-->[com.google.firebase:firebase-iid:20.1.5] AndroidManifest.xml:26:22-79
28
29    <application
29-->src\main\AndroidManifest.xml:7:5-35:19
30        android:allowBackup="true"
30-->src\main\AndroidManifest.xml:8:9-35
31        android:appComponentFactory="androidx.core.app.CoreComponentFactory"
31-->[androidx.core:core:1.1.0] AndroidManifest.xml:24:18-86
32        android:debuggable="true"
33        android:extractNativeLibs="false"
34        android:icon="@mipmap/ic_launcher"
34-->src\main\AndroidManifest.xml:9:9-43
35        android:label="@string/app_name"
35-->src\main\AndroidManifest.xml:10:9-41
36        android:roundIcon="@mipmap/ic_launcher_round"
36-->src\main\AndroidManifest.xml:11:9-54
37        android:supportsRtl="true"
37-->src\main\AndroidManifest.xml:12:9-35
38        android:testOnly="true"
39        android:theme="@style/AppTheme" >
39-->src\main\AndroidManifest.xml:13:9-40
40        <meta-data
40-->src\main\AndroidManifest.xml:14:9-16:46
41            android:name="com.google.android.geo.API_KEY"
41-->src\main\AndroidManifest.xml:15:13-58
42            android:value="@string/map_key" />
42-->src\main\AndroidManifest.xml:16:13-44
43
44        <activity android:name="com.example.fooddelivery.AdminAddNewProductActivity" />
44-->src\main\AndroidManifest.xml:17:9-73
44-->src\main\AndroidManifest.xml:17:19-61
45        <activity android:name="com.example.fooddelivery.HomeActivity" />
45-->src\main\AndroidManifest.xml:18:9-50
45-->src\main\AndroidManifest.xml:18:19-47
46        <activity android:name="com.example.fooddelivery.RegisterActivity" />
46-->src\main\AndroidManifest.xml:19:9-54
46-->src\main\AndroidManifest.xml:19:19-51
47        <activity android:name="com.example.fooddelivery.LoginActivity" />
47-->src\main\AndroidManifest.xml:20:9-51
47-->src\main\AndroidManifest.xml:20:19-48
48        <activity android:name="com.example.fooddelivery.MainActivity" >
48-->src\main\AndroidManifest.xml:21:9-27:20
48-->src\main\AndroidManifest.xml:21:19-47
49            <intent-filter>
49-->src\main\AndroidManifest.xml:22:13-26:29
50                <action android:name="android.intent.action.MAIN" />
50-->src\main\AndroidManifest.xml:23:17-69
50-->src\main\AndroidManifest.xml:23:25-66
51
52                <category android:name="android.intent.category.LAUNCHER" />
52-->src\main\AndroidManifest.xml:25:17-77
52-->src\main\AndroidManifest.xml:25:27-74
53            </intent-filter>
54        </activity>
55
56        <service
56-->src\main\AndroidManifest.xml:28:9-34:19
57            android:name="com.example.fooddelivery.MyMessagingService"
57-->src\main\AndroidManifest.xml:29:13-47
58            android:exported="false" >
58-->src\main\AndroidManifest.xml:30:13-37
59            <intent-filter>
59-->src\main\AndroidManifest.xml:31:13-33:29
60                <action android:name="com.google.firebase.MESSAGING_EVENT" />
60-->src\main\AndroidManifest.xml:32:17-78
60-->src\main\AndroidManifest.xml:32:25-75
61            </intent-filter>
62        </service>
63        <service
63-->[com.google.firebase:firebase-database:19.2.1] AndroidManifest.xml:29:9-35:19
64            android:name="com.google.firebase.components.ComponentDiscoveryService"
64-->[com.google.firebase:firebase-database:19.2.1] AndroidManifest.xml:30:13-84
65            android:directBootAware="true"
65-->[com.google.firebase:firebase-common:19.3.0] AndroidManifest.xml:34:13-43
66            android:exported="false" >
66-->[com.google.firebase:firebase-database:19.2.1] AndroidManifest.xml:31:13-37
67            <meta-data
67-->[com.google.firebase:firebase-database:19.2.1] AndroidManifest.xml:32:13-34:85
68                android:name="com.google.firebase.components:com.google.firebase.database.DatabaseRegistrar"
68-->[com.google.firebase:firebase-database:19.2.1] AndroidManifest.xml:33:17-109
69                android:value="com.google.firebase.components.ComponentRegistrar" />
69-->[com.google.firebase:firebase-database:19.2.1] AndroidManifest.xml:34:17-82
70            <meta-data
70-->[com.google.firebase:firebase-messaging:20.1.5] AndroidManifest.xml:38:13-40:85
71                android:name="com.google.firebase.components:com.google.firebase.messaging.FirebaseMessagingRegistrar"
71-->[com.google.firebase:firebase-messaging:20.1.5] AndroidManifest.xml:39:17-119
72                android:value="com.google.firebase.components.ComponentRegistrar" />
72-->[com.google.firebase:firebase-messaging:20.1.5] AndroidManifest.xml:40:17-82
73            <meta-data
73-->[com.google.firebase:firebase-auth:19.3.0] AndroidManifest.xml:36:13-38:85
74                android:name="com.google.firebase.components:com.google.firebase.auth.FirebaseAuthRegistrar"
74-->[com.google.firebase:firebase-auth:19.3.0] AndroidManifest.xml:37:17-109
75                android:value="com.google.firebase.components.ComponentRegistrar" />
75-->[com.google.firebase:firebase-auth:19.3.0] AndroidManifest.xml:38:17-82
76            <meta-data
76-->[com.google.android.gms:play-services-measurement-api:17.3.0] AndroidManifest.xml:30:13-32:85
77                android:name="com.google.firebase.components:com.google.firebase.analytics.connector.internal.AnalyticsConnectorRegistrar"
77-->[com.google.android.gms:play-services-measurement-api:17.3.0] AndroidManifest.xml:31:17-139
78                android:value="com.google.firebase.components.ComponentRegistrar" />
78-->[com.google.android.gms:play-services-measurement-api:17.3.0] AndroidManifest.xml:32:17-82
79            <meta-data
79-->[com.google.firebase:firebase-datatransport:17.0.3] AndroidManifest.xml:28:13-30:85
80                android:name="com.google.firebase.components:com.google.firebase.datatransport.TransportRegistrar"
80-->[com.google.firebase:firebase-datatransport:17.0.3] AndroidManifest.xml:29:17-115
81                android:value="com.google.firebase.components.ComponentRegistrar" />
81-->[com.google.firebase:firebase-datatransport:17.0.3] AndroidManifest.xml:30:17-82
82            <meta-data
82-->[com.google.firebase:firebase-iid:20.1.5] AndroidManifest.xml:32:13-34:85
83                android:name="com.google.firebase.components:com.google.firebase.iid.Registrar"
83-->[com.google.firebase:firebase-iid:20.1.5] AndroidManifest.xml:33:17-96
84                android:value="com.google.firebase.components.ComponentRegistrar" />
84-->[com.google.firebase:firebase-iid:20.1.5] AndroidManifest.xml:34:17-82
85            <meta-data
85-->[com.google.firebase:firebase-installations:16.2.1] AndroidManifest.xml:17:13-19:85
86                android:name="com.google.firebase.components:com.google.firebase.installations.FirebaseInstallationsRegistrar"
86-->[com.google.firebase:firebase-installations:16.2.1] AndroidManifest.xml:18:17-127
87                android:value="com.google.firebase.components.ComponentRegistrar" />
87-->[com.google.firebase:firebase-installations:16.2.1] AndroidManifest.xml:19:17-82
88        </service>
89        <!--
90             FirebaseMessagingService performs security checks at runtime,
91             but set to not exported to explicitly avoid allowing another app to call it.
92        -->
93        <service
93-->[com.google.firebase:firebase-messaging:20.1.5] AndroidManifest.xml:28:9-34:19
94            android:name="com.google.firebase.messaging.FirebaseMessagingService"
94-->[com.google.firebase:firebase-messaging:20.1.5] AndroidManifest.xml:29:13-82
95            android:exported="false" >
95-->[com.google.firebase:firebase-messaging:20.1.5] AndroidManifest.xml:30:13-37
96            <intent-filter android:priority="-500" >
96-->src\main\AndroidManifest.xml:31:13-33:29
97                <action android:name="com.google.firebase.MESSAGING_EVENT" />
97-->src\main\AndroidManifest.xml:32:17-78
97-->src\main\AndroidManifest.xml:32:25-75
98            </intent-filter>
99        </service>
100
101        <activity
101-->[com.google.firebase:firebase-auth:19.3.0] AndroidManifest.xml:24:9-31:50
102            android:name="com.google.firebase.auth.internal.FederatedSignInActivity"
102-->[com.google.firebase:firebase-auth:19.3.0] AndroidManifest.xml:25:13-85
103            android:excludeFromRecents="true"
103-->[com.google.firebase:firebase-auth:19.3.0] AndroidManifest.xml:26:13-46
104            android:exported="true"
104-->[com.google.firebase:firebase-auth:19.3.0] AndroidManifest.xml:27:13-36
105            android:launchMode="singleTask"
105-->[com.google.firebase:firebase-auth:19.3.0] AndroidManifest.xml:28:13-44
106            android:permission="com.google.firebase.auth.api.gms.permission.LAUNCH_FEDERATED_SIGN_IN"
106-->[com.google.firebase:firebase-auth:19.3.0] AndroidManifest.xml:29:13-102
107            android:theme="@android:style/Theme.Translucent.NoTitleBar" /> <!-- Needs to be explicitly declared on P+ -->
107-->[com.google.firebase:firebase-auth:19.3.0] AndroidManifest.xml:30:13-72
108        <uses-library
108-->[com.google.android.gms:play-services-maps:17.0.0] AndroidManifest.xml:33:9-35:40
109            android:name="org.apache.http.legacy"
109-->[com.google.android.gms:play-services-maps:17.0.0] AndroidManifest.xml:34:13-50
110            android:required="false" />
110-->[com.google.android.gms:play-services-maps:17.0.0] AndroidManifest.xml:35:13-37
111
112        <receiver
112-->[com.google.android.gms:play-services-measurement:17.3.0] AndroidManifest.xml:29:9-33:20
113            android:name="com.google.android.gms.measurement.AppMeasurementReceiver"
113-->[com.google.android.gms:play-services-measurement:17.3.0] AndroidManifest.xml:30:13-85
114            android:enabled="true"
114-->[com.google.android.gms:play-services-measurement:17.3.0] AndroidManifest.xml:31:13-35
115            android:exported="false" >
115-->[com.google.android.gms:play-services-measurement:17.3.0] AndroidManifest.xml:32:13-37
116        </receiver>
117        <receiver
117-->[com.google.android.gms:play-services-measurement:17.3.0] AndroidManifest.xml:34:9-42:20
118            android:name="com.google.android.gms.measurement.AppMeasurementInstallReferrerReceiver"
118-->[com.google.android.gms:play-services-measurement:17.3.0] AndroidManifest.xml:35:13-100
119            android:enabled="true"
119-->[com.google.android.gms:play-services-measurement:17.3.0] AndroidManifest.xml:36:13-35
120            android:exported="true"
120-->[com.google.android.gms:play-services-measurement:17.3.0] AndroidManifest.xml:37:13-36
121            android:permission="android.permission.INSTALL_PACKAGES" >
121-->[com.google.android.gms:play-services-measurement:17.3.0] AndroidManifest.xml:38:13-69
122            <intent-filter>
122-->[com.google.android.gms:play-services-measurement:17.3.0] AndroidManifest.xml:39:13-41:29
123                <action android:name="com.android.vending.INSTALL_REFERRER" />
123-->[com.google.android.gms:play-services-measurement:17.3.0] AndroidManifest.xml:40:17-79
123-->[com.google.android.gms:play-services-measurement:17.3.0] AndroidManifest.xml:40:25-76
124            </intent-filter>
125        </receiver>
126
127        <service
127-->[com.google.android.gms:play-services-measurement:17.3.0] AndroidManifest.xml:44:9-47:40
128            android:name="com.google.android.gms.measurement.AppMeasurementService"
128-->[com.google.android.gms:play-services-measurement:17.3.0] AndroidManifest.xml:45:13-84
129            android:enabled="true"
129-->[com.google.android.gms:play-services-measurement:17.3.0] AndroidManifest.xml:46:13-35
130            android:exported="false" />
130-->[com.google.android.gms:play-services-measurement:17.3.0] AndroidManifest.xml:47:13-37
131        <service
131-->[com.google.android.gms:play-services-measurement:17.3.0] AndroidManifest.xml:48:9-52:72
132            android:name="com.google.android.gms.measurement.AppMeasurementJobService"
132-->[com.google.android.gms:play-services-measurement:17.3.0] AndroidManifest.xml:49:13-87
133            android:enabled="true"
133-->[com.google.android.gms:play-services-measurement:17.3.0] AndroidManifest.xml:50:13-35
134            android:exported="false"
134-->[com.google.android.gms:play-services-measurement:17.3.0] AndroidManifest.xml:51:13-37
135            android:permission="android.permission.BIND_JOB_SERVICE" />
135-->[com.google.android.gms:play-services-measurement:17.3.0] AndroidManifest.xml:52:13-69
136
137        <receiver
137-->[com.google.firebase:firebase-iid:20.1.5] AndroidManifest.xml:37:9-44:20
138            android:name="com.google.firebase.iid.FirebaseInstanceIdReceiver"
138-->[com.google.firebase:firebase-iid:20.1.5] AndroidManifest.xml:38:13-78
139            android:exported="true"
139-->[com.google.firebase:firebase-iid:20.1.5] AndroidManifest.xml:39:13-36
140            android:permission="com.google.android.c2dm.permission.SEND" >
140-->[com.google.firebase:firebase-iid:20.1.5] AndroidManifest.xml:40:13-73
141            <intent-filter>
141-->[com.google.firebase:firebase-iid:20.1.5] AndroidManifest.xml:41:13-43:29
142                <action android:name="com.google.android.c2dm.intent.RECEIVE" />
142-->[com.google.firebase:firebase-iid:20.1.5] AndroidManifest.xml:42:17-81
142-->[com.google.firebase:firebase-iid:20.1.5] AndroidManifest.xml:42:25-78
143            </intent-filter>
144        </receiver>
145
146        <provider
146-->[com.google.firebase:firebase-common:19.3.0] AndroidManifest.xml:26:9-30:39
147            android:name="com.google.firebase.provider.FirebaseInitProvider"
147-->[com.google.firebase:firebase-common:19.3.0] AndroidManifest.xml:27:13-77
148            android:authorities="com.example.fooddelivery.firebaseinitprovider"
148-->[com.google.firebase:firebase-common:19.3.0] AndroidManifest.xml:28:13-72
149            android:exported="false"
149-->[com.google.firebase:firebase-common:19.3.0] AndroidManifest.xml:29:13-37
150            android:initOrder="100" />
150-->[com.google.firebase:firebase-common:19.3.0] AndroidManifest.xml:30:13-36
151
152        <activity
152-->[com.google.android.gms:play-services-base:17.1.0] AndroidManifest.xml:23:9-26:75
153            android:name="com.google.android.gms.common.api.GoogleApiActivity"
153-->[com.google.android.gms:play-services-base:17.1.0] AndroidManifest.xml:24:13-79
154            android:exported="false"
154-->[com.google.android.gms:play-services-base:17.1.0] AndroidManifest.xml:25:13-37
155            android:theme="@android:style/Theme.Translucent.NoTitleBar" />
155-->[com.google.android.gms:play-services-base:17.1.0] AndroidManifest.xml:26:13-72
156
157        <meta-data
157-->[com.google.android.gms:play-services-basement:17.0.0] AndroidManifest.xml:23:9-25:69
158            android:name="com.google.android.gms.version"
158-->[com.google.android.gms:play-services-basement:17.0.0] AndroidManifest.xml:24:13-58
159            android:value="@integer/google_play_services_version" />
159-->[com.google.android.gms:play-services-basement:17.0.0] AndroidManifest.xml:25:13-66
160
161        <service
161-->[com.google.android.datatransport:transport-backend-cct:2.2.0] AndroidManifest.xml:29:9-35:19
162            android:name="com.google.android.datatransport.runtime.backends.TransportBackendDiscovery"
162-->[com.google.android.datatransport:transport-backend-cct:2.2.0] AndroidManifest.xml:30:13-103
163            android:exported="false" >
163-->[com.google.android.datatransport:transport-backend-cct:2.2.0] AndroidManifest.xml:31:13-37
164            <meta-data
164-->[com.google.android.datatransport:transport-backend-cct:2.2.0] AndroidManifest.xml:32:13-34:39
165                android:name="backend:com.google.android.datatransport.cct.CctBackendFactory"
165-->[com.google.android.datatransport:transport-backend-cct:2.2.0] AndroidManifest.xml:33:17-94
166                android:value="cct" />
166-->[com.google.android.datatransport:transport-backend-cct:2.2.0] AndroidManifest.xml:34:17-36
167        </service>
168        <service
168-->[com.google.android.datatransport:transport-runtime:2.2.0] AndroidManifest.xml:26:9-30:19
169            android:name="com.google.android.datatransport.runtime.scheduling.jobscheduling.JobInfoSchedulerService"
169-->[com.google.android.datatransport:transport-runtime:2.2.0] AndroidManifest.xml:27:13-117
170            android:exported="false"
170-->[com.google.android.datatransport:transport-runtime:2.2.0] AndroidManifest.xml:28:13-37
171            android:permission="android.permission.BIND_JOB_SERVICE" >
171-->[com.google.android.datatransport:transport-runtime:2.2.0] AndroidManifest.xml:29:13-69
172        </service>
173
174        <receiver
174-->[com.google.android.datatransport:transport-runtime:2.2.0] AndroidManifest.xml:32:9-34:40
175            android:name="com.google.android.datatransport.runtime.scheduling.jobscheduling.AlarmManagerSchedulerBroadcastReceiver"
175-->[com.google.android.datatransport:transport-runtime:2.2.0] AndroidManifest.xml:33:13-132
176            android:exported="false" />
176-->[com.google.android.datatransport:transport-runtime:2.2.0] AndroidManifest.xml:34:13-37
177    </application>
178
179</manifest>